<?xml version="1.0" encoding="UTF-8"?>
<testsuite xmlns:xsi="http://www.w3.org/2001/XMLSchema-instance" xsi:noNamespaceSchemaLocation="https://maven.apache.org/surefire/maven-surefire-plugin/xsd/surefire-test-report-3.0.xsd" version="3.0" name="com.wokivovich.sapper.SapperApplicationTests" time="5.03" tests="1" errors="0" skipped="0" failures="0">
  <properties>
[...]
</properties>
  <testcase name="contextLoads" classname="com.wokivovich.sapper.SapperApplicationTests" time="1.552">
    <system-out><![CDATA[09:11:10.196 [main] INFO org.springframework.test.context.support.AnnotationConfigContextLoaderUtils -- Could not detect default configuration classes for test class [com.wokivovich.sapper.SapperApplicationTests]: SapperApplicationTests does not declare any static, non-private, non-final, nested classes annotated with @Configuration.
09:11:10.443 [main] INFO org.springframework.boot.test.context.SpringBootTestContextBootstrapper -- Found @SpringBootConfiguration com.wokivovich.sapper.SapperApplication for test class com.wokivovich.sapper.SapperApplicationTests

  .   ____          _            __ _ _
 /\\ / ___'_ __ _ _(_)_ __  __ _ \ \ \ \
( ( )\___ | '_ | '_| | '_ \/ _` | \ \ \ \
 \\/  ___)| |_)| | | | | || (_| |  ) ) ) )
  '  |____| .__|_| |_|_| |_\__, | / / / /
 =========|_|==============|___/=/_/_/_/
 :: Spring Boot ::                (v3.1.3)

2023-10-23T09:11:11.223+03:00  WARN 22228 --- [           main] ory$DuplicateJsonObjectContextCustomizer : 

Found multiple occurrences of org.json.JSONObject on the class path:

	jar:file:/C:/Users/wokiw/.m2/repository/com/vaadin/external/google/android-json/0.0.20131108.vaadin1/android-json-0.0.20131108.vaadin1.jar!/org/json/JSONObject.class
	jar:file:/C:/Users/wokiw/.m2/repository/org/json/json/20220320/json-20220320.jar!/org/json/JSONObject.class

You may wish to exclude one of them to ensure predictable runtime behavior

2023-10-23T09:11:11.268+03:00  INFO 22228 --- [           main] c.w.sapper.SapperApplicationTests        : Starting SapperApplicationTests using Java 17.0.6 with PID 22228 (started by wokiw in C:\dev\projects\sapper\core)
2023-10-23T09:11:11.270+03:00  INFO 22228 --- [           main] c.w.sapper.SapperApplicationTests        : No active profile set, falling back to 1 default profile: "default"
2023-10-23T09:11:13.343+03:00  INFO 22228 --- [           main] c.w.sapper.SapperApplicationTests        : Started SapperApplicationTests in 2.642 seconds (process running for 4.492)
]]></system-out>
  </testcase>
</testsuite>